[debug] [2025-04-27T06:55:16.803Z] ----------------------------------------------------------------------
[debug] [2025-04-27T06:55:16.805Z] Command:       /usr/local/bin/node /usr/local/bin/firebase serve
[debug] [2025-04-27T06:55:16.806Z] CLI Version:   14.2.1
[debug] [2025-04-27T06:55:16.806Z] Platform:      darwin
[debug] [2025-04-27T06:55:16.806Z] Node Version:  v20.19.0
[debug] [2025-04-27T06:55:16.806Z] Time:          Sun Apr 27 2025 14:55:16 GMT+0800 (Taipei Standard Time)
[debug] [2025-04-27T06:55:16.806Z] ----------------------------------------------------------------------
[debug] 
[debug] [2025-04-27T06:55:17.001Z] > command requires scopes: ["email","openid","https://www.googleapis.com/auth/cloudplatformprojects.readonly","https://www.googleapis.com/auth/firebase","https://www.googleapis.com/auth/cloud-platform"]
[debug] [2025-04-27T06:55:17.002Z] > authorizing via signed-in user (justinshih@gapp.nthu.edu.tw)
[debug] [2025-04-27T06:55:17.002Z] [iam] checking project chatroom-7b293 for permissions ["firebase.projects.get"]
[debug] [2025-04-27T06:55:17.002Z] Checked if tokens are valid: false, expires at: 1745737602641
[debug] [2025-04-27T06:55:17.002Z] Checked if tokens are valid: false, expires at: 1745737602641
[debug] [2025-04-27T06:55:17.003Z] > refreshing access token with scopes: []
[debug] [2025-04-27T06:55:17.004Z] >>> [apiv2][query] POST https://www.googleapis.com/oauth2/v3/token [none]
[debug] [2025-04-27T06:55:17.004Z] >>> [apiv2][body] POST https://www.googleapis.com/oauth2/v3/token [omitted]
[debug] [2025-04-27T06:55:17.100Z] <<< [apiv2][status] POST https://www.googleapis.com/oauth2/v3/token 200
[debug] [2025-04-27T06:55:17.101Z] <<< [apiv2][body] POST https://www.googleapis.com/oauth2/v3/token [omitted]
[debug] [2025-04-27T06:55:17.114Z] >>> [apiv2][query] POST https://cloudresourcemanager.googleapis.com/v1/projects/chatroom-7b293:testIamPermissions [none]
[debug] [2025-04-27T06:55:17.114Z] >>> [apiv2][(partial)header] POST https://cloudresourcemanager.googleapis.com/v1/projects/chatroom-7b293:testIamPermissions x-goog-quota-user=projects/chatroom-7b293
[debug] [2025-04-27T06:55:17.114Z] >>> [apiv2][body] POST https://cloudresourcemanager.googleapis.com/v1/projects/chatroom-7b293:testIamPermissions {"permissions":["firebase.projects.get"]}
[debug] [2025-04-27T06:55:17.344Z] <<< [apiv2][status] POST https://cloudresourcemanager.googleapis.com/v1/projects/chatroom-7b293:testIamPermissions 200
[debug] [2025-04-27T06:55:17.344Z] <<< [apiv2][body] POST https://cloudresourcemanager.googleapis.com/v1/projects/chatroom-7b293:testIamPermissions {"permissions":["firebase.projects.get"]}
[debug] [2025-04-27T06:55:17.345Z] Checked if tokens are valid: true, expires at: 1745740516101
[debug] [2025-04-27T06:55:17.345Z] Checked if tokens are valid: true, expires at: 1745740516101
[debug] [2025-04-27T06:55:17.345Z] >>> [apiv2][query] GET https://cloudresourcemanager.googleapis.com/v1/projects/chatroom-7b293 [none]
[debug] [2025-04-27T06:55:18.060Z] <<< [apiv2][status] GET https://cloudresourcemanager.googleapis.com/v1/projects/chatroom-7b293 200
[debug] [2025-04-27T06:55:18.060Z] <<< [apiv2][body] GET https://cloudresourcemanager.googleapis.com/v1/projects/chatroom-7b293 {"projectNumber":"1063092839923","projectId":"chatroom-7b293","lifecycleState":"ACTIVE","name":"chatroom","labels":{"firebase":"enabled","firebase-core":"disabled"},"createTime":"2025-04-27T04:13:19.138319Z","parent":{"type":"organization","id":"445629937372"}}
[info] 
[info] === Serving from '/Users/justinshih/college/SoftwareDesign/chatroom'...
[info] 
[debug] [2025-04-27T06:55:18.065Z] Checked if tokens are valid: true, expires at: 1745740516101
[debug] [2025-04-27T06:55:18.065Z] Checked if tokens are valid: true, expires at: 1745740516101
[debug] [2025-04-27T06:55:18.065Z] >>> [apiv2][query] GET https://firebasehosting.googleapis.com/v1beta1/projects/chatroom-7b293/sites 
[debug] [2025-04-27T06:55:18.572Z] <<< [apiv2][status] GET https://firebasehosting.googleapis.com/v1beta1/projects/chatroom-7b293/sites 200
[debug] [2025-04-27T06:55:18.572Z] <<< [apiv2][body] GET https://firebasehosting.googleapis.com/v1beta1/projects/chatroom-7b293/sites {"sites":[{"name":"projects/chatroom-7b293/sites/chatroom-7b293","defaultUrl":"https://chatroom-7b293.web.app","type":"DEFAULT_SITE"}]}
[debug] [2025-04-27T06:55:18.572Z] Checked if tokens are valid: true, expires at: 1745740516101
[debug] [2025-04-27T06:55:18.572Z] Checked if tokens are valid: true, expires at: 1745740516101
[debug] [2025-04-27T06:55:18.573Z] >>> [apiv2][query] GET https://firebase.googleapis.com/v1beta1/projects/chatroom-7b293/webApps/-/config [none]
[debug] [2025-04-27T06:55:19.390Z] <<< [apiv2][status] GET https://firebase.googleapis.com/v1beta1/projects/chatroom-7b293/webApps/-/config 200
[debug] [2025-04-27T06:55:19.390Z] <<< [apiv2][body] GET https://firebase.googleapis.com/v1beta1/projects/chatroom-7b293/webApps/-/config {"projectId":"chatroom-7b293","appId":"1:1063092839923:web:14cf0aa52f82b0bdca9e86","databaseURL":"https://chatroom-7b293-default-rtdb.firebaseio.com","storageBucket":"chatroom-7b293.firebasestorage.app","apiKey":"AIzaSyC7pm2-6D9vnhKrOuas0rq-4bIo4HtgBAc","authDomain":"chatroom-7b293.firebaseapp.com","messagingSenderId":"1063092839923"}
[debug] [2025-04-27T06:55:19.397Z] Checked if tokens are valid: true, expires at: 1745740516101
[debug] [2025-04-27T06:55:19.397Z] Checked if tokens are valid: true, expires at: 1745740516101
[debug] [2025-04-27T06:55:19.398Z] >>> [apiv2][query] GET https://firebase.googleapis.com/v1beta1/projects/chatroom-7b293 [none]
[debug] [2025-04-27T06:55:19.632Z] <<< [apiv2][status] GET https://firebase.googleapis.com/v1beta1/projects/chatroom-7b293 200
[debug] [2025-04-27T06:55:19.633Z] <<< [apiv2][body] GET https://firebase.googleapis.com/v1beta1/projects/chatroom-7b293 {"projectId":"chatroom-7b293","projectNumber":"1063092839923","displayName":"chatroom","name":"projects/chatroom-7b293","resources":{"hostingSite":"chatroom-7b293","realtimeDatabaseInstance":"chatroom-7b293-default-rtdb"},"state":"ACTIVE","etag":"1_7230222b-cb36-419e-a667-2e450da61485"}
[info] i  hosting[chatroom-7b293]: Serving hosting files from: build {"metadata":{"emulator":{"name":"hosting"},"message":"Serving hosting files from: \u001b[1mbuild\u001b[22m"}}
[info] ✔  hosting[chatroom-7b293]: Local server: http://localhost:5002 {"metadata":{"emulator":{"name":"hosting"},"message":"Local server: \u001b[4m\u001b[1mhttp://localhost:5002\u001b[22m\u001b[24m"}}
[info] i  hosting: ::1 - - [27/Apr/2025:06:55:22 +0000] "GET / HTTP/1.1" 200 512 "-" "Mozilla/5.0 (Macintosh; Intel Mac OS X 10_15_7) AppleWebKit/537.36 (KHTML, like Gecko) Chrome/135.0.0.0 Safari/537.36" {"metadata":{"emulator":{"name":"hosting"},"message":"::1 - - [27/Apr/2025:06:55:22 +0000] \"GET / HTTP/1.1\" 200 512 \"-\" \"Mozilla/5.0 (Macintosh; Intel Mac OS X 10_15_7) AppleWebKit/537.36 (KHTML, like Gecko) Chrome/135.0.0.0 Safari/537.36\""}}
[info] i  hosting: ::1 - - [27/Apr/2025:06:55:22 +0000] "GET /static/css/main.9a3dd66d.css HTTP/1.1" 200 - "http://localhost:5002/" "Mozilla/5.0 (Macintosh; Intel Mac OS X 10_15_7) AppleWebKit/537.36 (KHTML, like Gecko) Chrome/135.0.0.0 Safari/537.36" {"metadata":{"emulator":{"name":"hosting"},"message":"::1 - - [27/Apr/2025:06:55:22 +0000] \"GET /static/css/main.9a3dd66d.css HTTP/1.1\" 200 - \"http://localhost:5002/\" \"Mozilla/5.0 (Macintosh; Intel Mac OS X 10_15_7) AppleWebKit/537.36 (KHTML, like Gecko) Chrome/135.0.0.0 Safari/537.36\""}}
[info] i  hosting: ::1 - - [27/Apr/2025:06:55:22 +0000] "GET /static/js/main.7ee3e024.js HTTP/1.1" 200 - "http://localhost:5002/" "Mozilla/5.0 (Macintosh; Intel Mac OS X 10_15_7) AppleWebKit/537.36 (KHTML, like Gecko) Chrome/135.0.0.0 Safari/537.36" {"metadata":{"emulator":{"name":"hosting"},"message":"::1 - - [27/Apr/2025:06:55:22 +0000] \"GET /static/js/main.7ee3e024.js HTTP/1.1\" 200 - \"http://localhost:5002/\" \"Mozilla/5.0 (Macintosh; Intel Mac OS X 10_15_7) AppleWebKit/537.36 (KHTML, like Gecko) Chrome/135.0.0.0 Safari/537.36\""}}
[info] i  hosting: ::1 - - [27/Apr/2025:06:55:22 +0000] "GET /favicon.ico HTTP/1.1" 200 - "http://localhost:5002/" "Mozilla/5.0 (Macintosh; Intel Mac OS X 10_15_7) AppleWebKit/537.36 (KHTML, like Gecko) Chrome/135.0.0.0 Safari/537.36" {"metadata":{"emulator":{"name":"hosting"},"message":"::1 - - [27/Apr/2025:06:55:22 +0000] \"GET /favicon.ico HTTP/1.1\" 200 - \"http://localhost:5002/\" \"Mozilla/5.0 (Macintosh; Intel Mac OS X 10_15_7) AppleWebKit/537.36 (KHTML, like Gecko) Chrome/135.0.0.0 Safari/537.36\""}}
